[2023-05-05 15:39:40] [info] Start Program:
Path:"C:\Users\geano\source\repos\a6-913-Geanovu-Medeea-Elena-1\x64\Debug\a6-913-Geanovu-Medeea-Elena-1.exe"
Arguments:
Working directory: "C:\Users\geano\source\repos\a6-913-Geanovu-Medeea-Elena-1\"
Modules: Selected: C:\Users\geano\source\repos\a6-913-Geanovu-Medeea-Elena-1\x64\Debug\a6-913-Geanovu-Medeea-Elena-1.exe Excluded: 
Sources: Selected: C:\Users\geano\source\repos\a45-913-Geanovu-Medeea-Elena C:\Users\geano\source\repos\a6-913-Geanovu-Medeea-Elena-1 Excluded: 
Log Level: Normal
Cover Children: 0
Aggregate by file: 1
Continue after C++ exception: 0
Optimized build support: 0
Export: Binary C:\Users\geano\AppData\Local\Temp\xwzup1px.pvm 
Input coverage: 
Unified diff: 
Excluded line regular expressions: 
Substitute pdb source paths: 

[2023-05-05 15:39:40] [info] Module: C:\Users\geano\source\repos\a6-913-Geanovu-Medeea-Elena-1\x64\Debug\a6-913-Geanovu-Medeea-Elena-1.exe is selected because it matches selected pattern: C:\Users\geano\source\repos\a6-913-Geanovu-Medeea-Elena-1\x64\Debug\a6-913-Geanovu-Medeea-Elena-1.exe
[2023-05-05 15:39:46] [info] ----------------------------------------------------
[2023-05-05 15:39:46] [info] Coverage binary generated in file: C:\Users\geano\AppData\Local\Temp\xwzup1px.pvm
[2023-05-05 15:39:46] [info] ----------------------------------------------------
