Token: outerspace Code: -1
Token: Identifier Code: 0
Token: ( Code: -1
Token: ) Code: -1
Token: { Code: -1
Token: violet Code: -1
Token: Identifier Code: 1
Token: = Code: -1
Token: Constant Code: 2
Token: ; Code: -1
Token: violet Code: -1
Token: Identifier Code: 3
Token: = Code: -1
Token: Constant Code: 4
Token: , Code: -1
Token: Identifier Code: 5
Token: = Code: -1
Token: Constant Code: 6
Token: , Code: -1
Token: Identifier Code: 7
Token: = Code: -1
Token: Constant Code: 8
Token: ; Code: -1
Token: lilac Code: -1
Token: Identifier Code: 9
Token: = Code: -1
Token: Constant Code: 10
Token: ; Code: -1
Token: violet Code: -1
Token: Identifier Code: 11
Token: ; Code: -1
Token: purple_check Code: -1
Token: ( Code: -1
Token: Identifier Code: 12
Token: > Code: -1
Token: Identifier Code: 11
Token: ) Code: -1
Token: { Code: -1
Token: Identifier Code: 11
Token: = Code: -1
Token: Identifier Code: 12
Token: ; Code: -1
Token: purple_check Code: -1
Token: ( Code: -1
Token: Identifier Code: 13
Token: > Code: -1
Token: Identifier Code: 11
Token: ) Code: -1
Token: { Code: -1
Token: Identifier Code: 11
Token: = Code: -1
Token: Identifier Code: 14
Token: ( Code: -1
Token: Identifier Code: 13
Token: ) Code: -1
Token: ; Code: -1
Token: } Code: -1
Token: Identifier Code: 15
Token: ( Code: -1
Token: Constant Code: 16
Token: ) Code: -1
Token: ; Code: -1
Token: Identifier Code: 15
Token: ( Code: -1
Token: maxNumber Code: 11
Token: toString Code: 17
Token: ( Code: -1
Token: ) Code: -1
Token: + Code: -1
Token: Constant Code: 18
Token: ) Code: -1
Token: ; Code: -1
Token: } Code: -1
